$SES$;ECRAN;NORMAL;
$fond LASERHP psix97.fdp debpge.fdp ; $SES$;LASERHP;CRNSNBR1;
$SES$;LASERHP;CRNSFONT1;$SES$;LASERHP;TOPMARGIN;



                                             Draft  Commande CA1012


                                                 Code        72001
                                                 Fourn.      INFE50
                                                 Geneve, le  18-08-2021


Coordinateur technique                     QUALIAC
                                           36 rue de Sarlieve
                                           Centre d'Affaires du Zenith
Responsable commercial(e)                  FR-63800 COURNON D'AUVERGNE



A expedier:
CERN                                       Monnaie: CHF
Site de Prevessin                          Pays d'origine: FR
Reception - Bat.904
CA 1012
FR-01631 CERN CEDEX

Objet de la commande, passee aux conditions ci-apres:

Pos  Description
     Date livraison      Uni Qté cde   Prix unit.        Remise/Hausse     Total

1    Mobilier ergonomique
                         PC     1          100.00                         100.00

                                                Prix total net            100.00
                                                                    ------------
                                                   Prix total: CHF        100.00

                   Application de la TVA
                   --------------------------

                   En application de l'article IX (al. 2,3,4 et 5) de l'accord
                   du 16 juin 1972 entre le gouvernement français et le CERN
                   (J.O. No 85 du 9 avril 1973), l'Organisation certifie que
                   cette commande est destinée à son fonctionnement officiel.

                   Les entreprises fournissant des biens ou services pour
                   lesquels la TVA est exigible en France doivent facturer la
                   TVA applicable au bien ou service fourni qui doit être
                   clairement identifié, l'exonération du CERN de la TVA se
                   faisant par remboursement.

                   Le montant de la TVA doit toujours être indiqué en Euro.

                   Si la commande comprend une partie pour laquelle la TVA
                   n'est pas exigible en France une facture séparée hors TVA
                   doit être établie pour cette partie.

                   Les règles applicables en matière de TVA ainsi que les
                   instructions de facturation sont disponibles sous le lien
                   http://cern.ch/go/lpR8



                                                  CERN



$SES$;ECRAN;RESET;
